This file contains any messages produced by compilers while
running configure, to aid debugging if configure makes a mistake.

It was created by udp_examples configure 1.1, which was
generated by GNU Autoconf 2.69.  Invocation command line was

  $ ./configure 

## --------- ##
## Platform. ##
## --------- ##

hostname = lukas-Swift
uname -m = x86_64
uname -r = 5.11.0-38-generic
uname -s = Linux
uname -v = #42~20.04.1-Ubuntu SMP Tue Sep 28 20:41:07 UTC 2021

/usr/bin/uname -p = x86_64
/bin/uname -X     = unknown

/bin/arch              = x86_64
/usr/bin/arch -k       = unknown
/usr/convex/getsysinfo = unknown
/usr/bin/hostinfo      = unknown
/bin/machine           = unknown
/usr/bin/oslevel       = unknown
/bin/universe          = unknown

PATH: /usr/local/sbin
PATH: /usr/local/bin
PATH: /usr/sbin
PATH: /usr/bin
PATH: /sbin
PATH: /bin
PATH: /snap/bin


## ----------- ##
## Core tests. ##
## ----------- ##

configure:2313: checking for a BSD-compatible install
configure:2381: result: /usr/bin/install -c
configure:2392: checking whether build environment is sane
configure:2447: result: yes
configure:2596: checking for a thread-safe mkdir -p
configure:2635: result: /usr/bin/mkdir -p
configure:2642: checking for gawk
configure:2672: result: no
configure:2642: checking for mawk
configure:2658: found /usr/bin/mawk
configure:2669: result: mawk
configure:2680: checking whether make sets $(MAKE)
configure:2702: result: yes
configure:2731: checking whether make supports nested variables
configure:2748: result: yes
configure:2923: checking for gcc
configure:2939: found /usr/bin/gcc
configure:2950: result: gcc
configure:3179: checking for C compiler version
configure:3188: gcc --version >&5
gcc (Ubuntu 9.3.0-17ubuntu1~20.04) 9.3.0
Copyright (C) 2019 Free Software Foundation, Inc.
This is free software; see the source for copying conditions.  There is NO
warranty; not even for MERCHANTABILITY or FITNESS FOR A PARTICULAR PURPOSE.

configure:3199: $? = 0
configure:3188: gcc -v >&5
Using built-in specs.
COLLECT_GCC=gcc
COLLECT_LTO_WRAPPER=/usr/lib/gcc/x86_64-linux-gnu/9/lto-wrapper
OFFLOAD_TARGET_NAMES=nvptx-none:hsa
OFFLOAD_TARGET_DEFAULT=1
Target: x86_64-linux-gnu
Configured with: ../src/configure -v --with-pkgversion='Ubuntu 9.3.0-17ubuntu1~20.04' --with-bugurl=file:///usr/share/doc/gcc-9/README.Bugs --enable-languages=c,ada,c++,go,brig,d,fortran,objc,obj-c++,gm2 --prefix=/usr --with-gcc-major-version-only --program-suffix=-9 --program-prefix=x86_64-linux-gnu- --enable-shared --enable-linker-build-id --libexecdir=/usr/lib --without-included-gettext --enable-threads=posix --libdir=/usr/lib --enable-nls --enable-clocale=gnu --enable-libstdcxx-debug --enable-libstdcxx-time=yes --with-default-libstdcxx-abi=new --enable-gnu-unique-object --disable-vtable-verify --enable-plugin --enable-default-pie --with-system-zlib --with-target-system-zlib=auto --enable-objc-gc=auto --enable-multiarch --disable-werror --with-arch-32=i686 --with-abi=m64 --with-multilib-list=m32,m64,mx32 --enable-multilib --with-tune=generic --enable-offload-targets=nvptx-none=/build/gcc-9-HskZEa/gcc-9-9.3.0/debian/tmp-nvptx/usr,hsa --without-cuda-driver --enable-checking=release --build=x86_64-linux-gnu --host=x86_64-linux-gnu --target=x86_64-linux-gnu
Thread model: posix
gcc version 9.3.0 (Ubuntu 9.3.0-17ubuntu1~20.04) 
configure:3199: $? = 0
configure:3188: gcc -V >&5
gcc: error: unrecognized command line option '-V'
gcc: fatal error: no input files
compilation terminated.
configure:3199: $? = 1
configure:3188: gcc -qversion >&5
gcc: error: unrecognized command line option '-qversion'; did you mean '--version'?
gcc: fatal error: no input files
compilation terminated.
configure:3199: $? = 1
configure:3219: checking whether the C compiler works
configure:3241: gcc    conftest.c  >&5
configure:3245: $? = 0
configure:3293: result: yes
configure:3296: checking for C compiler default output file name
configure:3298: result: a.out
configure:3304: checking for suffix of executables
configure:3311: gcc -o conftest    conftest.c  >&5
configure:3315: $? = 0
configure:3337: result: 
configure:3359: checking whether we are cross compiling
configure:3367: gcc -o conftest    conftest.c  >&5
configure:3371: $? = 0
configure:3378: ./conftest
configure:3382: $? = 0
configure:3370: result: no
configure:3375: checking for suffix of object files
configure:3397: gcc -c   conftest.c >&5
configure:3401: $? = 0
configure:3422: result: o
configure:3426: checking whether we are using the GNU C compiler
configure:3445: gcc -c   conftest.c >&5
configure:3445: $? = 0
configure:3454: result: yes
configure:3463: checking whether gcc accepts -g
configure:3483: gcc -c -g  conftest.c >&5
configure:3483: $? = 0
configure:3524: result: yes
configure:3541: checking for gcc option to accept ISO C89
configure:3604: gcc  -c -g -O2  conftest.c >&5
configure:3604: $? = 0
configure:3617: result: none needed
configure:3642: checking whether gcc understands -c and -o together
configure:3664: gcc -c conftest.c -o conftest2.o
configure:3667: $? = 0
configure:3664: gcc -c conftest.c -o conftest2.o
configure:3667: $? = 0
configure:3679: result: yes
configure:3699: checking whether make supports the include directive
configure:3714: make -f confmf.GNU && cat confinc.out
this is the am__doit target
configure:3717: $? = 0
configure:3736: result: yes (GNU style)
configure:3761: checking dependency style of gcc
configure:3872: result: gcc3
configure:3892: checking build system type
configure:3906: result: x86_64-pc-linux-gnu
configure:3926: checking host system type
configure:3939: result: x86_64-pc-linux-gnu
configure:3974: checking how to run the C preprocessor
configure:4005: gcc -E  conftest.c
configure:4005: $? = 0
configure:4019: gcc -E  conftest.c
conftest.c:11:10: fatal error: ac_nonexistent.h: No such file or directory
   11 | #include <ac_nonexistent.h>
      |          ^~~~~~~~~~~~~~~~~~
compilation terminated.
configure:4019: $? = 1
configure: failed program was:
| /* confdefs.h */
| #define PACKAGE_NAME "udp_examples"
| #define PACKAGE_TARNAME "udp_examples"
| #define PACKAGE_VERSION "1.1"
| #define PACKAGE_STRING "udp_examples 1.1"
| #define PACKAGE_BUGREPORT ""
| #define PACKAGE_URL ""
| #define PACKAGE "udp_examples"
| #define VERSION "1.1"
| /* end confdefs.h.  */
| #include <ac_nonexistent.h>
configure:4044: result: gcc -E
configure:4064: gcc -E  conftest.c
configure:4064: $? = 0
configure:4078: gcc -E  conftest.c
conftest.c:11:10: fatal error: ac_nonexistent.h: No such file or directory
   11 | #include <ac_nonexistent.h>
      |          ^~~~~~~~~~~~~~~~~~
compilation terminated.
configure:4078: $? = 1
configure: failed program was:
| /* confdefs.h */
| #define PACKAGE_NAME "udp_examples"
| #define PACKAGE_TARNAME "udp_examples"
| #define PACKAGE_VERSION "1.1"
| #define PACKAGE_STRING "udp_examples 1.1"
| #define PACKAGE_BUGREPORT ""
| #define PACKAGE_URL ""
| #define PACKAGE "udp_examples"
| #define VERSION "1.1"
| /* end confdefs.h.  */
| #include <ac_nonexistent.h>
configure:4107: checking for grep that handles long lines and -e
configure:4165: result: /usr/bin/grep
configure:4170: checking for egrep
configure:4232: result: /usr/bin/grep -E
configure:4237: checking for ANSI C header files
configure:4257: gcc -c -g -O2 -Wall -std=c99 -pedantic  conftest.c >&5
configure:4257: $? = 0
configure:4330: gcc -o conftest -g -O2 -Wall -std=c99 -pedantic   conftest.c  >&5
configure:4330: $? = 0
configure:4330: ./conftest
configure:4330: $? = 0
configure:4341: result: yes
configure:4354: checking for sys/types.h
configure:4354: gcc -c -g -O2 -Wall -std=c99 -pedantic  conftest.c >&5
configure:4354: $? = 0
configure:4354: result: yes
configure:4354: checking for sys/stat.h
configure:4354: gcc -c -g -O2 -Wall -std=c99 -pedantic  conftest.c >&5
configure:4354: $? = 0
configure:4354: result: yes
configure:4354: checking for stdlib.h
configure:4354: gcc -c -g -O2 -Wall -std=c99 -pedantic  conftest.c >&5
configure:4354: $? = 0
configure:4354: result: yes
configure:4354: checking for string.h
configure:4354: gcc -c -g -O2 -Wall -std=c99 -pedantic  conftest.c >&5
configure:4354: $? = 0
configure:4354: result: yes
configure:4354: checking for memory.h
configure:4354: gcc -c -g -O2 -Wall -std=c99 -pedantic  conftest.c >&5
configure:4354: $? = 0
configure:4354: result: yes
configure:4354: checking for strings.h
configure:4354: gcc -c -g -O2 -Wall -std=c99 -pedantic  conftest.c >&5
configure:4354: $? = 0
configure:4354: result: yes
configure:4354: checking for inttypes.h
configure:4354: gcc -c -g -O2 -Wall -std=c99 -pedantic  conftest.c >&5
configure:4354: $? = 0
configure:4354: result: yes
configure:4354: checking for stdint.h
configure:4354: gcc -c -g -O2 -Wall -std=c99 -pedantic  conftest.c >&5
configure:4354: $? = 0
configure:4354: result: yes
configure:4354: checking for unistd.h
configure:4354: gcc -c -g -O2 -Wall -std=c99 -pedantic  conftest.c >&5
configure:4354: $? = 0
configure:4354: result: yes
configure:4366: checking for size_t
configure:4366: gcc -c -g -O2 -Wall -std=c99 -pedantic  conftest.c >&5
configure:4366: $? = 0
configure:4366: gcc -c -g -O2 -Wall -std=c99 -pedantic  conftest.c >&5
conftest.c: In function 'main':
conftest.c:57:21: error: expected expression before ')' token
   57 | if (sizeof ((size_t)))
      |                     ^
configure:4366: $? = 1
configure: failed program was:
| /* confdefs.h */
| #define PACKAGE_NAME "udp_examples"
| #define PACKAGE_TARNAME "udp_examples"
| #define PACKAGE_VERSION "1.1"
| #define PACKAGE_STRING "udp_examples 1.1"
| #define PACKAGE_BUGREPORT ""
| #define PACKAGE_URL ""
| #define PACKAGE "udp_examples"
| #define VERSION "1.1"
| #define STDC_HEADERS 1
| #define HAVE_SYS_TYPES_H 1
| #define HAVE_SYS_STAT_H 1
| #define HAVE_STDLIB_H 1
| #define HAVE_STRING_H 1
| #define HAVE_MEMORY_H 1
| #define HAVE_STRINGS_H 1
| #define HAVE_INTTYPES_H 1
| #define HAVE_STDINT_H 1
| #define HAVE_UNISTD_H 1
| /* end confdefs.h.  */
| #include <stdio.h>
| #ifdef HAVE_SYS_TYPES_H
| # include <sys/types.h>
| #endif
| #ifdef HAVE_SYS_STAT_H
| # include <sys/stat.h>
| #endif
| #ifdef STDC_HEADERS
| # include <stdlib.h>
| # include <stddef.h>
| #else
| # ifdef HAVE_STDLIB_H
| #  include <stdlib.h>
| # endif
| #endif
| #ifdef HAVE_STRING_H
| # if !defined STDC_HEADERS && defined HAVE_MEMORY_H
| #  include <memory.h>
| # endif
| # include <string.h>
| #endif
| #ifdef HAVE_STRINGS_H
| # include <strings.h>
| #endif
| #ifdef HAVE_INTTYPES_H
| # include <inttypes.h>
| #endif
| #ifdef HAVE_STDINT_H
| # include <stdint.h>
| #endif
| #ifdef HAVE_UNISTD_H
| # include <unistd.h>
| #endif
| int
| main ()
| {
| if (sizeof ((size_t)))
| 	    return 0;
|   ;
|   return 0;
| }
configure:4366: result: yes
configure:4371: checking for ssize_t
configure:4371: gcc -c -g -O2 -Wall -std=c99 -pedantic  conftest.c >&5
configure:4371: $? = 0
configure:4371: gcc -c -g -O2 -Wall -std=c99 -pedantic  conftest.c >&5
conftest.c: In function 'main':
conftest.c:57:22: error: expected expression before ')' token
   57 | if (sizeof ((ssize_t)))
      |                      ^
configure:4371: $? = 1
configure: failed program was:
| /* confdefs.h */
| #define PACKAGE_NAME "udp_examples"
| #define PACKAGE_TARNAME "udp_examples"
| #define PACKAGE_VERSION "1.1"
| #define PACKAGE_STRING "udp_examples 1.1"
| #define PACKAGE_BUGREPORT ""
| #define PACKAGE_URL ""
| #define PACKAGE "udp_examples"
| #define VERSION "1.1"
| #define STDC_HEADERS 1
| #define HAVE_SYS_TYPES_H 1
| #define HAVE_SYS_STAT_H 1
| #define HAVE_STDLIB_H 1
| #define HAVE_STRING_H 1
| #define HAVE_MEMORY_H 1
| #define HAVE_STRINGS_H 1
| #define HAVE_INTTYPES_H 1
| #define HAVE_STDINT_H 1
| #define HAVE_UNISTD_H 1
| /* end confdefs.h.  */
| #include <stdio.h>
| #ifdef HAVE_SYS_TYPES_H
| # include <sys/types.h>
| #endif
| #ifdef HAVE_SYS_STAT_H
| # include <sys/stat.h>
| #endif
| #ifdef STDC_HEADERS
| # include <stdlib.h>
| # include <stddef.h>
| #else
| # ifdef HAVE_STDLIB_H
| #  include <stdlib.h>
| # endif
| #endif
| #ifdef HAVE_STRING_H
| # if !defined STDC_HEADERS && defined HAVE_MEMORY_H
| #  include <memory.h>
| # endif
| # include <string.h>
| #endif
| #ifdef HAVE_STRINGS_H
| # include <strings.h>
| #endif
| #ifdef HAVE_INTTYPES_H
| # include <inttypes.h>
| #endif
| #ifdef HAVE_STDINT_H
| # include <stdint.h>
| #endif
| #ifdef HAVE_UNISTD_H
| # include <unistd.h>
| #endif
| int
| main ()
| {
| if (sizeof ((ssize_t)))
| 	    return 0;
|   ;
|   return 0;
| }
configure:4371: result: yes
configure:4379: checking for socket
configure:4379: gcc -o conftest -g -O2 -Wall -std=c99 -pedantic   conftest.c  >&5
configure:4379: $? = 0
configure:4379: result: yes
configure:4436: checking for inet_addr
configure:4436: gcc -o conftest -g -O2 -Wall -std=c99 -pedantic   conftest.c  >&5
configure:4436: $? = 0
configure:4436: result: yes
configure:4494: checking for sys/types.h
configure:4494: result: yes
configure:4504: checking for struct sockaddr_in.sin_len
configure:4504: gcc -c -g -O2 -Wall -std=c99 -pedantic  conftest.c >&5
conftest.c: In function 'main':
conftest.c:33:12: error: 'struct sockaddr_in' has no member named 'sin_len'
   33 | if (ac_aggr.sin_len)
      |            ^
conftest.c:32:27: warning: variable 'ac_aggr' set but not used [-Wunused-but-set-variable]
   32 | static struct sockaddr_in ac_aggr;
      |                           ^~~~~~~
configure:4504: $? = 1
configure: failed program was:
| /* confdefs.h */
| #define PACKAGE_NAME "udp_examples"
| #define PACKAGE_TARNAME "udp_examples"
| #define PACKAGE_VERSION "1.1"
| #define PACKAGE_STRING "udp_examples 1.1"
| #define PACKAGE_BUGREPORT ""
| #define PACKAGE_URL ""
| #define PACKAGE "udp_examples"
| #define VERSION "1.1"
| #define STDC_HEADERS 1
| #define HAVE_SYS_TYPES_H 1
| #define HAVE_SYS_STAT_H 1
| #define HAVE_STDLIB_H 1
| #define HAVE_STRING_H 1
| #define HAVE_MEMORY_H 1
| #define HAVE_STRINGS_H 1
| #define HAVE_INTTYPES_H 1
| #define HAVE_STDINT_H 1
| #define HAVE_UNISTD_H 1
| #define HAVE_SOCKET 1
| #define HAVE_INET_ADDR 1
| #define HAVE_SYS_TYPES_H 1
| /* end confdefs.h.  */
| #ifdef HAVE_SYS_TYPES_H
|                  #include <sys/types.h>
|                  #endif
|                  #include <netinet/in.h>
| 
| int
| main ()
| {
| static struct sockaddr_in ac_aggr;
| if (ac_aggr.sin_len)
| return 0;
|   ;
|   return 0;
| }
configure:4504: gcc -c -g -O2 -Wall -std=c99 -pedantic  conftest.c >&5
conftest.c: In function 'main':
conftest.c:33:19: error: 'struct sockaddr_in' has no member named 'sin_len'
   33 | if (sizeof ac_aggr.sin_len)
      |                   ^
conftest.c:32:27: warning: variable 'ac_aggr' set but not used [-Wunused-but-set-variable]
   32 | static struct sockaddr_in ac_aggr;
      |                           ^~~~~~~
configure:4504: $? = 1
configure: failed program was:
| /* confdefs.h */
| #define PACKAGE_NAME "udp_examples"
| #define PACKAGE_TARNAME "udp_examples"
| #define PACKAGE_VERSION "1.1"
| #define PACKAGE_STRING "udp_examples 1.1"
| #define PACKAGE_BUGREPORT ""
| #define PACKAGE_URL ""
| #define PACKAGE "udp_examples"
| #define VERSION "1.1"
| #define STDC_HEADERS 1
| #define HAVE_SYS_TYPES_H 1
| #define HAVE_SYS_STAT_H 1
| #define HAVE_STDLIB_H 1
| #define HAVE_STRING_H 1
| #define HAVE_MEMORY_H 1
| #define HAVE_STRINGS_H 1
| #define HAVE_INTTYPES_H 1
| #define HAVE_STDINT_H 1
| #define HAVE_UNISTD_H 1
| #define HAVE_SOCKET 1
| #define HAVE_INET_ADDR 1
| #define HAVE_SYS_TYPES_H 1
| /* end confdefs.h.  */
| #ifdef HAVE_SYS_TYPES_H
|                  #include <sys/types.h>
|                  #endif
|                  #include <netinet/in.h>
| 
| int
| main ()
| {
| static struct sockaddr_in ac_aggr;
| if (sizeof ac_aggr.sin_len)
| return 0;
|   ;
|   return 0;
| }
configure:4504: result: no
configure:4516: checking for socklen_t
configure:4532: gcc -c -g -O2 -Wall -std=c99 -pedantic  conftest.c >&5
conftest.c: In function 'main':
conftest.c:31:11: warning: variable 'x' set but not used [-Wunused-but-set-variable]
   31 | socklen_t x; x = 1; return 0;
      |           ^
configure:4532: $? = 0
configure:4533: result: yes
configure:4683: checking that generated files are newer than configure
configure:4689: result: done
configure:4712: creating ./config.status

## ---------------------- ##
## Running config.status. ##
## ---------------------- ##

This file was extended by udp_examples config.status 1.1, which was
generated by GNU Autoconf 2.69.  Invocation command line was

  CONFIG_FILES    = 
  CONFIG_HEADERS  = 
  CONFIG_LINKS    = 
  CONFIG_COMMANDS = 
  $ ./config.status 

on lukas-Swift

config.status:782: creating Makefile
config.status:954: executing depfiles commands
config.status:1031: cd .       && sed -e '/# am--include-marker/d' Makefile         | make -f - am--depfiles
make: Nothing to be done for 'am--depfiles'.
config.status:1036: $? = 0

## ---------------- ##
## Cache variables. ##
## ---------------- ##

ac_cv_build=x86_64-pc-linux-gnu
ac_cv_c_compiler_gnu=yes
ac_cv_env_CC_set=
ac_cv_env_CC_value=
ac_cv_env_CFLAGS_set=
ac_cv_env_CFLAGS_value=
ac_cv_env_CPPFLAGS_set=
ac_cv_env_CPPFLAGS_value=
ac_cv_env_CPP_set=
ac_cv_env_CPP_value=
ac_cv_env_LDFLAGS_set=
ac_cv_env_LDFLAGS_value=
ac_cv_env_LIBS_set=
ac_cv_env_LIBS_value=
ac_cv_env_build_alias_set=
ac_cv_env_build_alias_value=
ac_cv_env_host_alias_set=
ac_cv_env_host_alias_value=
ac_cv_env_target_alias_set=
ac_cv_env_target_alias_value=
ac_cv_func_inet_addr=yes
ac_cv_func_socket=yes
ac_cv_header_inttypes_h=yes
ac_cv_header_memory_h=yes
ac_cv_header_stdc=yes
ac_cv_header_stdint_h=yes
ac_cv_header_stdlib_h=yes
ac_cv_header_string_h=yes
ac_cv_header_strings_h=yes
ac_cv_header_sys_stat_h=yes
ac_cv_header_sys_types_h=yes
ac_cv_header_unistd_h=yes
ac_cv_host=x86_64-pc-linux-gnu
ac_cv_member_struct_sockaddr_in_sin_len=no
ac_cv_objext=o
ac_cv_path_EGREP='/usr/bin/grep -E'
ac_cv_path_GREP=/usr/bin/grep
ac_cv_path_install='/usr/bin/install -c'
ac_cv_path_mkdir=/usr/bin/mkdir
ac_cv_prog_AWK=mawk
ac_cv_prog_CPP='gcc -E'
ac_cv_prog_ac_ct_CC=gcc
ac_cv_prog_cc_c89=
ac_cv_prog_cc_g=yes
ac_cv_prog_make_make_set=yes
ac_cv_type_size_t=yes
ac_cv_type_ssize_t=yes
am_cv_CC_dependencies_compiler_type=gcc3
am_cv_make_support_nested_variables=yes
am_cv_prog_cc_c_o=yes

## ----------------- ##
## Output variables. ##
## ----------------- ##

ACLOCAL='${SHELL} /home/lukas/np_prak/udp_examples/missing aclocal-1.16'
AMDEPBACKSLASH='\'
AMDEP_FALSE='#'
AMDEP_TRUE=''
AMTAR='$${TAR-tar}'
AM_BACKSLASH='\'
AM_DEFAULT_V='$(AM_DEFAULT_VERBOSITY)'
AM_DEFAULT_VERBOSITY='1'
AM_V='$(V)'
AUTOCONF='${SHELL} /home/lukas/np_prak/udp_examples/missing autoconf'
AUTOHEADER='${SHELL} /home/lukas/np_prak/udp_examples/missing autoheader'
AUTOMAKE='${SHELL} /home/lukas/np_prak/udp_examples/missing automake-1.16'
AWK='mawk'
CC='gcc'
CCDEPMODE='depmode=gcc3'
CFLAGS='-g -O2 -Wall -std=c99 -pedantic'
CPP='gcc -E'
CPPFLAGS=''
CYGPATH_W='echo'
DEFS='-DPACKAGE_NAME=\"udp_examples\" -DPACKAGE_TARNAME=\"udp_examples\" -DPACKAGE_VERSION=\"1.1\" -DPACKAGE_STRING=\"udp_examples\ 1.1\" -DPACKAGE_BUGREPORT=\"\" -DPACKAGE_URL=\"\" -DPACKAGE=\"udp_examples\" -DVERSION=\"1.1\" -DSTDC_HEADERS=1 -DHAVE_SYS_TYPES_H=1 -DHAVE_SYS_STAT_H=1 -DHAVE_STDLIB_H=1 -DHAVE_STRING_H=1 -DHAVE_MEMORY_H=1 -DHAVE_STRINGS_H=1 -DHAVE_INTTYPES_H=1 -DHAVE_STDINT_H=1 -DHAVE_UNISTD_H=1 -DHAVE_SOCKET=1 -DHAVE_INET_ADDR=1 -DHAVE_SYS_TYPES_H=1'
DEPDIR='.deps'
ECHO_C=''
ECHO_N='-n'
ECHO_T=''
EGREP='/usr/bin/grep -E'
EXEEXT=''
GREP='/usr/bin/grep'
INSTALL_DATA='${INSTALL} -m 644'
INSTALL_PROGRAM='${INSTALL}'
INSTALL_SCRIPT='${INSTALL}'
INSTALL_STRIP_PROGRAM='$(install_sh) -c -s'
LDFLAGS=''
LIBOBJS=''
LIBS=''
LTLIBOBJS=''
MAKEINFO='${SHELL} /home/lukas/np_prak/udp_examples/missing makeinfo'
MKDIR_P='/usr/bin/mkdir -p'
OBJEXT='o'
PACKAGE='udp_examples'
PACKAGE_BUGREPORT=''
PACKAGE_NAME='udp_examples'
PACKAGE_STRING='udp_examples 1.1'
PACKAGE_TARNAME='udp_examples'
PACKAGE_URL=''
PACKAGE_VERSION='1.1'
PATH_SEPARATOR=':'
SET_MAKE=''
SHELL='/bin/bash'
STRIP=''
VERSION='1.1'
ac_ct_CC='gcc'
am__EXEEXT_FALSE=''
am__EXEEXT_TRUE='#'
am__fastdepCC_FALSE='#'
am__fastdepCC_TRUE=''
am__include='include'
am__isrc=''
am__leading_dot='.'
am__nodep='_no'
am__quote=''
am__tar='$${TAR-tar} chof - "$$tardir"'
am__untar='$${TAR-tar} xf -'
bindir='${exec_prefix}/bin'
build='x86_64-pc-linux-gnu'
build_alias=''
build_cpu='x86_64'
build_os='linux-gnu'
build_vendor='pc'
datadir='${datarootdir}'
datarootdir='${prefix}/share'
docdir='${datarootdir}/doc/${PACKAGE_TARNAME}'
dvidir='${docdir}'
exec_prefix='${prefix}'
host='x86_64-pc-linux-gnu'
host_alias=''
host_cpu='x86_64'
host_os='linux-gnu'
host_vendor='pc'
htmldir='${docdir}'
includedir='${prefix}/include'
infodir='${datarootdir}/info'
install_sh='${SHELL} /home/lukas/np_prak/udp_examples/install-sh'
libdir='${exec_prefix}/lib'
libexecdir='${exec_prefix}/libexec'
localedir='${datarootdir}/locale'
localstatedir='${prefix}/var'
mandir='${datarootdir}/man'
mkdir_p='$(MKDIR_P)'
oldincludedir='/usr/include'
pdfdir='${docdir}'
prefix='/usr/local'
program_transform_name='s,x,x,'
psdir='${docdir}'
runstatedir='${localstatedir}/run'
sbindir='${exec_prefix}/sbin'
sharedstatedir='${prefix}/com'
sysconfdir='${prefix}/etc'
target_alias=''

## ----------- ##
## confdefs.h. ##
## ----------- ##

/* confdefs.h */
#define PACKAGE_NAME "udp_examples"
#define PACKAGE_TARNAME "udp_examples"
#define PACKAGE_VERSION "1.1"
#define PACKAGE_STRING "udp_examples 1.1"
#define PACKAGE_BUGREPORT ""
#define PACKAGE_URL ""
#define PACKAGE "udp_examples"
#define VERSION "1.1"
#define STDC_HEADERS 1
#define HAVE_SYS_TYPES_H 1
#define HAVE_SYS_STAT_H 1
#define HAVE_STDLIB_H 1
#define HAVE_STRING_H 1
#define HAVE_MEMORY_H 1
#define HAVE_STRINGS_H 1
#define HAVE_INTTYPES_H 1
#define HAVE_STDINT_H 1
#define HAVE_UNISTD_H 1
#define HAVE_SOCKET 1
#define HAVE_INET_ADDR 1
#define HAVE_SYS_TYPES_H 1

configure: exit 0

## ---------------------- ##
## Running config.status. ##
## ---------------------- ##

This file was extended by udp_examples config.status 1.1, which was
generated by GNU Autoconf 2.69.  Invocation command line was

  CONFIG_FILES    = 
  CONFIG_HEADERS  = 
  CONFIG_LINKS    = 
  CONFIG_COMMANDS = 
  $ ./config.status Makefile depfiles

on lukas-Swift

config.status:782: creating Makefile
config.status:954: executing depfiles commands
config.status:1031: cd .       && sed -e '/# am--include-marker/d' Makefile         | make -f - am--depfiles
make[1]: Entering directory '/home/lukas/np_prak/udp_examples'
make[1]: Leaving directory '/home/lukas/np_prak/udp_examples'
config.status:1036: $? = 0

## ---------------------- ##
## Running config.status. ##
## ---------------------- ##

This file was extended by udp_examples config.status 1.1, which was
generated by GNU Autoconf 2.69.  Invocation command line was

  CONFIG_FILES    = 
  CONFIG_HEADERS  = 
  CONFIG_LINKS    = 
  CONFIG_COMMANDS = 
  $ ./config.status Makefile depfiles

on lukas-Swift

config.status:782: creating Makefile
config.status:954: executing depfiles commands
config.status:1031: cd .       && sed -e '/# am--include-marker/d' Makefile         | make -f - am--depfiles
make[1]: Entering directory '/home/lukas/np_prak/udp_examples'
make[1]: Leaving directory '/home/lukas/np_prak/udp_examples'
config.status:1036: $? = 0

## ---------------------- ##
## Running config.status. ##
## ---------------------- ##

This file was extended by udp_examples config.status 1.1, which was
generated by GNU Autoconf 2.69.  Invocation command line was

  CONFIG_FILES    = 
  CONFIG_HEADERS  = 
  CONFIG_LINKS    = 
  CONFIG_COMMANDS = 
  $ ./config.status Makefile depfiles

on lukas-Swift

config.status:782: creating Makefile
config.status:954: executing depfiles commands
config.status:1031: cd .       && sed -e '/# am--include-marker/d' Makefile         | make -f - am--depfiles
make[1]: Entering directory '/home/lukas/np_prak/udp_examples'
make[1]: Leaving directory '/home/lukas/np_prak/udp_examples'
config.status:1036: $? = 0

## ---------------------- ##
## Running config.status. ##
## ---------------------- ##

This file was extended by udp_examples config.status 1.1, which was
generated by GNU Autoconf 2.69.  Invocation command line was

  CONFIG_FILES    = 
  CONFIG_HEADERS  = 
  CONFIG_LINKS    = 
  CONFIG_COMMANDS = 
  $ ./config.status Makefile depfiles

on lukas-Swift

config.status:782: creating Makefile
config.status:954: executing depfiles commands
config.status:1031: cd .       && sed -e '/# am--include-marker/d' Makefile         | make -f - am--depfiles
make[1]: Entering directory '/home/lukas/np_prak/udp_examples'
make[1]: Leaving directory '/home/lukas/np_prak/udp_examples'
config.status:1036: $? = 0

## ---------------------- ##
## Running config.status. ##
## ---------------------- ##

This file was extended by udp_examples config.status 1.1, which was
generated by GNU Autoconf 2.69.  Invocation command line was

  CONFIG_FILES    = 
  CONFIG_HEADERS  = 
  CONFIG_LINKS    = 
  CONFIG_COMMANDS = 
  $ ./config.status Makefile depfiles

on lukas-Swift

config.status:782: creating Makefile
config.status:954: executing depfiles commands
config.status:1031: cd .       && sed -e '/# am--include-marker/d' Makefile         | make -f - am--depfiles
make[1]: Entering directory '/home/lukas/np_prak/udp_examples'
make[1]: Leaving directory '/home/lukas/np_prak/udp_examples'
config.status:1036: $? = 0

## ---------------------- ##
## Running config.status. ##
## ---------------------- ##

This file was extended by udp_examples config.status 1.1, which was
generated by GNU Autoconf 2.69.  Invocation command line was

  CONFIG_FILES    = 
  CONFIG_HEADERS  = 
  CONFIG_LINKS    = 
  CONFIG_COMMANDS = 
  $ ./config.status Makefile depfiles

on lukas-Swift

config.status:782: creating Makefile
config.status:954: executing depfiles commands
config.status:1031: cd .       && sed -e '/# am--include-marker/d' Makefile         | make -f - am--depfiles
make[1]: Entering directory '/home/lukas/np_prak/udp_examples'
make[1]: Leaving directory '/home/lukas/np_prak/udp_examples'
config.status:1036: $? = 0

## ---------------------- ##
## Running config.status. ##
## ---------------------- ##

This file was extended by udp_examples config.status 1.1, which was
generated by GNU Autoconf 2.69.  Invocation command line was

  CONFIG_FILES    = 
  CONFIG_HEADERS  = 
  CONFIG_LINKS    = 
  CONFIG_COMMANDS = 
  $ ./config.status Makefile depfiles

on lukas-Swift

config.status:782: creating Makefile
config.status:954: executing depfiles commands
config.status:1031: cd .       && sed -e '/# am--include-marker/d' Makefile         | make -f - am--depfiles
make[1]: Entering directory '/home/lukas/np_prak/udp_examples'
make[1]: Nothing to be done for 'am--depfiles'.
make[1]: Leaving directory '/home/lukas/np_prak/udp_examples'
config.status:1036: $? = 0

## ---------------------- ##
## Running config.status. ##
## ---------------------- ##

This file was extended by udp_examples config.status 1.1, which was
generated by GNU Autoconf 2.69.  Invocation command line was

  CONFIG_FILES    = 
  CONFIG_HEADERS  = 
  CONFIG_LINKS    = 
  CONFIG_COMMANDS = 
  $ ./config.status Makefile depfiles

on lukas-Swift

config.status:782: creating Makefile
config.status:954: executing depfiles commands
config.status:1031: cd .       && sed -e '/# am--include-marker/d' Makefile         | make -f - am--depfiles
make[1]: Entering directory '/home/lukas/np_prak/udp_examples'
make[1]: Nothing to be done for 'am--depfiles'.
make[1]: Leaving directory '/home/lukas/np_prak/udp_examples'
config.status:1036: $? = 0

## ---------------------- ##
## Running config.status. ##
## ---------------------- ##

This file was extended by udp_examples config.status 1.1, which was
generated by GNU Autoconf 2.69.  Invocation command line was

  CONFIG_FILES    = 
  CONFIG_HEADERS  = 
  CONFIG_LINKS    = 
  CONFIG_COMMANDS = 
  $ ./config.status Makefile depfiles

on lukas-Swift

config.status:782: creating Makefile
config.status:954: executing depfiles commands
config.status:1031: cd .       && sed -e '/# am--include-marker/d' Makefile         | make -f - am--depfiles
make[1]: Entering directory '/home/lukas/np_prak/udp_examples'
make[1]: Nothing to be done for 'am--depfiles'.
make[1]: Leaving directory '/home/lukas/np_prak/udp_examples'
config.status:1036: $? = 0
