This file contains any messages produced by compilers while
running configure, to aid debugging if configure makes a mistake.

It was created by tftp_test configure 1.1, which was
generated by GNU Autoconf 2.69.  Invocation command line was

  $ ./configure 

## --------- ##
## Platform. ##
## --------- ##

hostname = bsd9.fh-muenster.de
uname -m = amd64
uname -r = 13.0-RELEASE-p4
uname -s = FreeBSD
uname -v = FreeBSD 13.0-RELEASE-p4 #0: Wed Oct  6 14:43:37 CEST 2021     msvoelker@bsd12:/usr/obj/usr/src_diskless/amd64.amd64/sys/DISKLESS 

/usr/bin/uname -p = amd64
/bin/uname -X     = unknown

/bin/arch              = unknown
/usr/bin/arch -k       = unknown
/usr/convex/getsysinfo = unknown
/usr/bin/hostinfo      = unknown
/bin/machine           = unknown
/usr/bin/oslevel       = unknown
/bin/universe          = unknown

PATH: /sbin
PATH: /bin
PATH: /usr/sbin
PATH: /usr/bin
PATH: /usr/local/sbin
PATH: /usr/local/bin
PATH: /home/bsduser553/bin


## ----------- ##
## Core tests. ##
## ----------- ##

configure:2305: checking for a BSD-compatible install
configure:2373: result: /usr/bin/install -c
configure:2384: checking whether build environment is sane
configure:2439: result: yes
configure:2585: checking for a thread-safe mkdir -p
configure:2624: result: ./install-sh -c -d
configure:2631: checking for gawk
configure:2661: result: no
configure:2631: checking for mawk
configure:2661: result: no
configure:2631: checking for nawk
configure:2647: found /usr/bin/nawk
configure:2658: result: nawk
configure:2669: checking whether gmake sets $(MAKE)
configure:2691: result: yes
configure:2720: checking whether gmake supports nested variables
configure:2737: result: yes
configure:2912: checking for gcc
configure:2928: found /usr/local/bin/gcc
configure:2939: result: gcc
configure:3168: checking for C compiler version
configure:3177: gcc --version >&5
gcc (FreeBSD Ports Collection) 10.3.0
Copyright (C) 2020 Free Software Foundation, Inc.
This is free software; see the source for copying conditions.  There is NO
warranty; not even for MERCHANTABILITY or FITNESS FOR A PARTICULAR PURPOSE.

configure:3188: $? = 0
configure:3177: gcc -v >&5
Using built-in specs.
COLLECT_GCC=gcc
COLLECT_LTO_WRAPPER=/usr/local/libexec/gcc10/gcc/x86_64-portbld-freebsd13.0/10.3.0/lto-wrapper
Target: x86_64-portbld-freebsd13.0
Configured with: /wrkdirs/usr/ports/lang/gcc10/work/gcc-10.3.0/configure --enable-multilib --with-build-config=bootstrap-debug --disable-nls --enable-gnu-indirect-function --enable-plugin --libdir=/usr/local/lib/gcc10 --libexecdir=/usr/local/libexec/gcc10 --program-suffix=10 --with-as=/usr/local/bin/as --with-gmp=/usr/local --with-gxx-include-dir=/usr/local/lib/gcc10/include/c++/ --with-ld=/usr/local/bin/ld --with-pkgversion='FreeBSD Ports Collection' --with-system-zlib --without-zstd --enable-languages=c,c++,objc,fortran --prefix=/usr/local --localstatedir=/var --mandir=/usr/local/man --infodir=/usr/local/share/info/gcc10 --build=x86_64-portbld-freebsd13.0
Thread model: posix
Supported LTO compression algorithms: zlib
gcc version 10.3.0 (FreeBSD Ports Collection) 
configure:3188: $? = 0
configure:3177: gcc -V >&5
gcc: error: unrecognized command-line option '-V'
gcc: fatal error: no input files
compilation terminated.
configure:3188: $? = 1
configure:3177: gcc -qversion >&5
gcc: error: unrecognized command-line option '-qversion'; did you mean '--version'?
gcc: fatal error: no input files
compilation terminated.
configure:3188: $? = 1
configure:3208: checking whether the C compiler works
configure:3230: gcc    conftest.c  >&5
configure:3234: $? = 0
configure:3282: result: yes
configure:3285: checking for C compiler default output file name
configure:3287: result: a.out
configure:3293: checking for suffix of executables
configure:3300: gcc -o conftest    conftest.c  >&5
configure:3304: $? = 0
configure:3326: result: 
configure:3348: checking whether we are cross compiling
configure:3356: gcc -o conftest    conftest.c  >&5
configure:3360: $? = 0
configure:3367: ./conftest
configure:3371: $? = 0
configure:3386: result: no
configure:3391: checking for suffix of object files
configure:3413: gcc -c   conftest.c >&5
configure:3417: $? = 0
configure:3438: result: o
configure:3442: checking whether we are using the GNU C compiler
configure:3461: gcc -c   conftest.c >&5
configure:3461: $? = 0
configure:3470: result: yes
configure:3479: checking whether gcc accepts -g
configure:3499: gcc -c -g  conftest.c >&5
configure:3499: $? = 0
configure:3540: result: yes
configure:3557: checking for gcc option to accept ISO C89
configure:3620: gcc  -c -g -O2  conftest.c >&5
configure:3620: $? = 0
configure:3633: result: none needed
configure:3658: checking whether gcc understands -c and -o together
configure:3680: gcc -c conftest.c -o conftest2.o
configure:3683: $? = 0
configure:3680: gcc -c conftest.c -o conftest2.o
configure:3683: $? = 0
configure:3695: result: yes
configure:3715: checking whether gmake supports the include directive
configure:3730: gmake -f confmf.GNU && cat confinc.out
this is the am__doit target
configure:3733: $? = 0
configure:3752: result: yes (GNU style)
configure:3777: checking dependency style of gcc
configure:3888: result: gcc3
configure:3908: checking build system type
configure:3922: result: x86_64-unknown-freebsd13.0
configure:3942: checking host system type
configure:3955: result: x86_64-unknown-freebsd13.0
configure:3990: checking how to run the C preprocessor
configure:4021: gcc -E  conftest.c
configure:4021: $? = 0
configure:4035: gcc -E  conftest.c
conftest.c:11:10: fatal error: ac_nonexistent.h: No such file or directory
   11 | #include <ac_nonexistent.h>
      |          ^~~~~~~~~~~~~~~~~~
compilation terminated.
configure:4035: $? = 1
configure: failed program was:
| /* confdefs.h */
| #define PACKAGE_NAME "tftp_test"
| #define PACKAGE_TARNAME "tftp_test"
| #define PACKAGE_VERSION "1.1"
| #define PACKAGE_STRING "tftp_test 1.1"
| #define PACKAGE_BUGREPORT ""
| #define PACKAGE_URL ""
| #define PACKAGE "tftp_test"
| #define VERSION "1.1"
| /* end confdefs.h.  */
| #include <ac_nonexistent.h>
configure:4060: result: gcc -E
configure:4080: gcc -E  conftest.c
configure:4080: $? = 0
configure:4094: gcc -E  conftest.c
conftest.c:11:10: fatal error: ac_nonexistent.h: No such file or directory
   11 | #include <ac_nonexistent.h>
      |          ^~~~~~~~~~~~~~~~~~
compilation terminated.
configure:4094: $? = 1
configure: failed program was:
| /* confdefs.h */
| #define PACKAGE_NAME "tftp_test"
| #define PACKAGE_TARNAME "tftp_test"
| #define PACKAGE_VERSION "1.1"
| #define PACKAGE_STRING "tftp_test 1.1"
| #define PACKAGE_BUGREPORT ""
| #define PACKAGE_URL ""
| #define PACKAGE "tftp_test"
| #define VERSION "1.1"
| /* end confdefs.h.  */
| #include <ac_nonexistent.h>
configure:4123: checking for grep that handles long lines and -e
configure:4181: result: /usr/bin/grep
configure:4186: checking for egrep
configure:4248: result: /usr/bin/grep -E
configure:4253: checking for ANSI C header files
configure:4273: gcc -c -g -O2 -Wall -std=c99 -pedantic -lc  conftest.c >&5
configure:4273: $? = 0
configure:4346: gcc -o conftest -g -O2 -Wall -std=c99 -pedantic -lc   conftest.c  >&5
configure:4346: $? = 0
configure:4346: ./conftest
configure:4346: $? = 0
configure:4357: result: yes
configure:4370: checking for sys/types.h
configure:4370: gcc -c -g -O2 -Wall -std=c99 -pedantic -lc  conftest.c >&5
configure:4370: $? = 0
configure:4370: result: yes
configure:4370: checking for sys/stat.h
configure:4370: gcc -c -g -O2 -Wall -std=c99 -pedantic -lc  conftest.c >&5
configure:4370: $? = 0
configure:4370: result: yes
configure:4370: checking for stdlib.h
configure:4370: gcc -c -g -O2 -Wall -std=c99 -pedantic -lc  conftest.c >&5
configure:4370: $? = 0
configure:4370: result: yes
configure:4370: checking for string.h
configure:4370: gcc -c -g -O2 -Wall -std=c99 -pedantic -lc  conftest.c >&5
configure:4370: $? = 0
configure:4370: result: yes
configure:4370: checking for memory.h
configure:4370: gcc -c -g -O2 -Wall -std=c99 -pedantic -lc  conftest.c >&5
configure:4370: $? = 0
configure:4370: result: yes
configure:4370: checking for strings.h
configure:4370: gcc -c -g -O2 -Wall -std=c99 -pedantic -lc  conftest.c >&5
configure:4370: $? = 0
configure:4370: result: yes
configure:4370: checking for inttypes.h
configure:4370: gcc -c -g -O2 -Wall -std=c99 -pedantic -lc  conftest.c >&5
configure:4370: $? = 0
configure:4370: result: yes
configure:4370: checking for stdint.h
configure:4370: gcc -c -g -O2 -Wall -std=c99 -pedantic -lc  conftest.c >&5
configure:4370: $? = 0
configure:4370: result: yes
configure:4370: checking for unistd.h
configure:4370: gcc -c -g -O2 -Wall -std=c99 -pedantic -lc  conftest.c >&5
configure:4370: $? = 0
configure:4370: result: yes
configure:4382: checking for size_t
configure:4382: gcc -c -g -O2 -Wall -std=c99 -pedantic -lc  conftest.c >&5
configure:4382: $? = 0
configure:4382: gcc -c -g -O2 -Wall -std=c99 -pedantic -lc  conftest.c >&5
conftest.c: In function 'main':
conftest.c:57:21: error: expected expression before ')' token
   57 | if (sizeof ((size_t)))
      |                     ^
configure:4382: $? = 1
configure: failed program was:
| /* confdefs.h */
| #define PACKAGE_NAME "tftp_test"
| #define PACKAGE_TARNAME "tftp_test"
| #define PACKAGE_VERSION "1.1"
| #define PACKAGE_STRING "tftp_test 1.1"
| #define PACKAGE_BUGREPORT ""
| #define PACKAGE_URL ""
| #define PACKAGE "tftp_test"
| #define VERSION "1.1"
| #define STDC_HEADERS 1
| #define HAVE_SYS_TYPES_H 1
| #define HAVE_SYS_STAT_H 1
| #define HAVE_STDLIB_H 1
| #define HAVE_STRING_H 1
| #define HAVE_MEMORY_H 1
| #define HAVE_STRINGS_H 1
| #define HAVE_INTTYPES_H 1
| #define HAVE_STDINT_H 1
| #define HAVE_UNISTD_H 1
| /* end confdefs.h.  */
| #include <stdio.h>
| #ifdef HAVE_SYS_TYPES_H
| # include <sys/types.h>
| #endif
| #ifdef HAVE_SYS_STAT_H
| # include <sys/stat.h>
| #endif
| #ifdef STDC_HEADERS
| # include <stdlib.h>
| # include <stddef.h>
| #else
| # ifdef HAVE_STDLIB_H
| #  include <stdlib.h>
| # endif
| #endif
| #ifdef HAVE_STRING_H
| # if !defined STDC_HEADERS && defined HAVE_MEMORY_H
| #  include <memory.h>
| # endif
| # include <string.h>
| #endif
| #ifdef HAVE_STRINGS_H
| # include <strings.h>
| #endif
| #ifdef HAVE_INTTYPES_H
| # include <inttypes.h>
| #endif
| #ifdef HAVE_STDINT_H
| # include <stdint.h>
| #endif
| #ifdef HAVE_UNISTD_H
| # include <unistd.h>
| #endif
| int
| main ()
| {
| if (sizeof ((size_t)))
| 	    return 0;
|   ;
|   return 0;
| }
configure:4382: result: yes
configure:4387: checking for ssize_t
configure:4387: gcc -c -g -O2 -Wall -std=c99 -pedantic -lc  conftest.c >&5
configure:4387: $? = 0
configure:4387: gcc -c -g -O2 -Wall -std=c99 -pedantic -lc  conftest.c >&5
conftest.c: In function 'main':
conftest.c:57:22: error: expected expression before ')' token
   57 | if (sizeof ((ssize_t)))
      |                      ^
configure:4387: $? = 1
configure: failed program was:
| /* confdefs.h */
| #define PACKAGE_NAME "tftp_test"
| #define PACKAGE_TARNAME "tftp_test"
| #define PACKAGE_VERSION "1.1"
| #define PACKAGE_STRING "tftp_test 1.1"
| #define PACKAGE_BUGREPORT ""
| #define PACKAGE_URL ""
| #define PACKAGE "tftp_test"
| #define VERSION "1.1"
| #define STDC_HEADERS 1
| #define HAVE_SYS_TYPES_H 1
| #define HAVE_SYS_STAT_H 1
| #define HAVE_STDLIB_H 1
| #define HAVE_STRING_H 1
| #define HAVE_MEMORY_H 1
| #define HAVE_STRINGS_H 1
| #define HAVE_INTTYPES_H 1
| #define HAVE_STDINT_H 1
| #define HAVE_UNISTD_H 1
| /* end confdefs.h.  */
| #include <stdio.h>
| #ifdef HAVE_SYS_TYPES_H
| # include <sys/types.h>
| #endif
| #ifdef HAVE_SYS_STAT_H
| # include <sys/stat.h>
| #endif
| #ifdef STDC_HEADERS
| # include <stdlib.h>
| # include <stddef.h>
| #else
| # ifdef HAVE_STDLIB_H
| #  include <stdlib.h>
| # endif
| #endif
| #ifdef HAVE_STRING_H
| # if !defined STDC_HEADERS && defined HAVE_MEMORY_H
| #  include <memory.h>
| # endif
| # include <string.h>
| #endif
| #ifdef HAVE_STRINGS_H
| # include <strings.h>
| #endif
| #ifdef HAVE_INTTYPES_H
| # include <inttypes.h>
| #endif
| #ifdef HAVE_STDINT_H
| # include <stdint.h>
| #endif
| #ifdef HAVE_UNISTD_H
| # include <unistd.h>
| #endif
| int
| main ()
| {
| if (sizeof ((ssize_t)))
| 	    return 0;
|   ;
|   return 0;
| }
configure:4387: result: yes
configure:4395: checking for socket
configure:4395: gcc -o conftest -g -O2 -Wall -std=c99 -pedantic -lc   conftest.c  >&5
configure:4395: $? = 0
configure:4395: result: yes
configure:4452: checking for inet_addr
configure:4452: gcc -o conftest -g -O2 -Wall -std=c99 -pedantic -lc   conftest.c  >&5
configure:4452: $? = 0
configure:4452: result: yes
configure:4510: checking for sys/types.h
configure:4510: result: yes
configure:4520: checking for struct sockaddr_in.sin_len
configure:4520: gcc -c -g -O2 -Wall -std=c99 -pedantic -lc  conftest.c >&5
configure:4520: $? = 0
configure:4520: result: yes
configure:4532: checking for socklen_t
configure:4548: gcc -c -g -O2 -Wall -std=c99 -pedantic -lc  conftest.c >&5
conftest.c: In function 'main':
conftest.c:32:11: warning: variable 'x' set but not used [-Wunused-but-set-variable]
   32 | socklen_t x; x = 1; return 0;
      |           ^
configure:4548: $? = 0
configure:4549: result: yes
configure:4707: checking that generated files are newer than configure
configure:4713: result: done
configure:4736: creating ./config.status

## ---------------------- ##
## Running config.status. ##
## ---------------------- ##

This file was extended by tftp_test config.status 1.1, which was
generated by GNU Autoconf 2.69.  Invocation command line was

  CONFIG_FILES    = 
  CONFIG_HEADERS  = 
  CONFIG_LINKS    = 
  CONFIG_COMMANDS = 
  $ ./config.status 

on bsd9.fh-muenster.de

config.status:785: creating Makefile
config.status:957: executing depfiles commands
config.status:1032: cd .       && sed -e '/# am--include-marker/d' Makefile         | gmake -f - am--depfiles
gmake: Nothing to be done for 'am--depfiles'.
config.status:1039: $? = 0

## ---------------- ##
## Cache variables. ##
## ---------------- ##

ac_cv_build=x86_64-unknown-freebsd13.0
ac_cv_c_compiler_gnu=yes
ac_cv_env_CC_set=''
ac_cv_env_CC_value=''
ac_cv_env_CFLAGS_set=''
ac_cv_env_CFLAGS_value=''
ac_cv_env_CPPFLAGS_set=''
ac_cv_env_CPPFLAGS_value=''
ac_cv_env_CPP_set=''
ac_cv_env_CPP_value=''
ac_cv_env_LDFLAGS_set=''
ac_cv_env_LDFLAGS_value=''
ac_cv_env_LIBS_set=''
ac_cv_env_LIBS_value=''
ac_cv_env_build_alias_set=''
ac_cv_env_build_alias_value=''
ac_cv_env_host_alias_set=''
ac_cv_env_host_alias_value=''
ac_cv_env_target_alias_set=''
ac_cv_env_target_alias_value=''
ac_cv_func_inet_addr=yes
ac_cv_func_socket=yes
ac_cv_header_inttypes_h=yes
ac_cv_header_memory_h=yes
ac_cv_header_stdc=yes
ac_cv_header_stdint_h=yes
ac_cv_header_stdlib_h=yes
ac_cv_header_string_h=yes
ac_cv_header_strings_h=yes
ac_cv_header_sys_stat_h=yes
ac_cv_header_sys_types_h=yes
ac_cv_header_unistd_h=yes
ac_cv_host=x86_64-unknown-freebsd13.0
ac_cv_member_struct_sockaddr_in_sin_len=yes
ac_cv_objext=o
ac_cv_path_EGREP='/usr/bin/grep -E'
ac_cv_path_GREP=/usr/bin/grep
ac_cv_path_install='/usr/bin/install -c'
ac_cv_prog_AWK=nawk
ac_cv_prog_CPP='gcc -E'
ac_cv_prog_ac_ct_CC=gcc
ac_cv_prog_cc_c89=''
ac_cv_prog_cc_g=yes
ac_cv_prog_make_gmake_set=yes
ac_cv_type_size_t=yes
ac_cv_type_ssize_t=yes
am_cv_CC_dependencies_compiler_type=gcc3
am_cv_make_support_nested_variables=yes
am_cv_prog_cc_c_o=yes

## ----------------- ##
## Output variables. ##
## ----------------- ##

ACLOCAL='${SHELL} '\''/home/bsduser553/netzwerkprogrammierung/tftp/missing'\'' aclocal-1.16'
AMDEPBACKSLASH='\'
AMDEP_FALSE='#'
AMDEP_TRUE=''
AMTAR='$${TAR-tar}'
AM_BACKSLASH='\'
AM_DEFAULT_V='$(AM_DEFAULT_VERBOSITY)'
AM_DEFAULT_VERBOSITY='1'
AM_V='$(V)'
AUTOCONF='${SHELL} '\''/home/bsduser553/netzwerkprogrammierung/tftp/missing'\'' autoconf'
AUTOHEADER='${SHELL} '\''/home/bsduser553/netzwerkprogrammierung/tftp/missing'\'' autoheader'
AUTOMAKE='${SHELL} '\''/home/bsduser553/netzwerkprogrammierung/tftp/missing'\'' automake-1.16'
AWK='nawk'
CC='gcc'
CCDEPMODE='depmode=gcc3'
CFLAGS='-g -O2 -Wall -std=c99 -pedantic -lc'
CPP='gcc -E'
CPPFLAGS=''
CYGPATH_W='echo'
DEFS='-DPACKAGE_NAME=\"tftp_test\" -DPACKAGE_TARNAME=\"tftp_test\" -DPACKAGE_VERSION=\"1.1\" -DPACKAGE_STRING=\"tftp_test\ 1.1\" -DPACKAGE_BUGREPORT=\"\" -DPACKAGE_URL=\"\" -DPACKAGE=\"tftp_test\" -DVERSION=\"1.1\" -DSTDC_HEADERS=1 -DHAVE_SYS_TYPES_H=1 -DHAVE_SYS_STAT_H=1 -DHAVE_STDLIB_H=1 -DHAVE_STRING_H=1 -DHAVE_MEMORY_H=1 -DHAVE_STRINGS_H=1 -DHAVE_INTTYPES_H=1 -DHAVE_STDINT_H=1 -DHAVE_UNISTD_H=1 -DHAVE_SOCKET=1 -DHAVE_INET_ADDR=1 -DHAVE_SYS_TYPES_H=1 -DHAVE_SIN_LEN=1'
DEPDIR='.deps'
ECHO_C=''
ECHO_N='-n'
ECHO_T=''
EGREP='/usr/bin/grep -E'
EXEEXT=''
GREP='/usr/bin/grep'
INSTALL_DATA='${INSTALL} -m 644'
INSTALL_PROGRAM='${INSTALL}'
INSTALL_SCRIPT='${INSTALL}'
INSTALL_STRIP_PROGRAM='$(install_sh) -c -s'
LDFLAGS=''
LIBOBJS=''
LIBS=''
LTLIBOBJS=''
MAKEINFO='${SHELL} '\''/home/bsduser553/netzwerkprogrammierung/tftp/missing'\'' makeinfo'
MKDIR_P='./install-sh -c -d'
OBJEXT='o'
PACKAGE='tftp_test'
PACKAGE_BUGREPORT=''
PACKAGE_NAME='tftp_test'
PACKAGE_STRING='tftp_test 1.1'
PACKAGE_TARNAME='tftp_test'
PACKAGE_URL=''
PACKAGE_VERSION='1.1'
PATH_SEPARATOR=':'
SET_MAKE=''
SHELL='/bin/sh'
STRIP=''
VERSION='1.1'
ac_ct_CC='gcc'
am__EXEEXT_FALSE=''
am__EXEEXT_TRUE='#'
am__fastdepCC_FALSE='#'
am__fastdepCC_TRUE=''
am__include='include'
am__isrc=''
am__leading_dot='.'
am__nodep='_no'
am__quote=''
am__tar='$${TAR-tar} chof - "$$tardir"'
am__untar='$${TAR-tar} xf -'
bindir='${exec_prefix}/bin'
build='x86_64-unknown-freebsd13.0'
build_alias=''
build_cpu='x86_64'
build_os='freebsd13.0'
build_vendor='unknown'
datadir='${datarootdir}'
datarootdir='${prefix}/share'
docdir='${datarootdir}/doc/${PACKAGE_TARNAME}'
dvidir='${docdir}'
exec_prefix='${prefix}'
host='x86_64-unknown-freebsd13.0'
host_alias=''
host_cpu='x86_64'
host_os='freebsd13.0'
host_vendor='unknown'
htmldir='${docdir}'
includedir='${prefix}/include'
infodir='${datarootdir}/info'
install_sh='${SHELL} /home/bsduser553/netzwerkprogrammierung/tftp/install-sh'
libdir='${exec_prefix}/lib'
libexecdir='${exec_prefix}/libexec'
localedir='${datarootdir}/locale'
localstatedir='${prefix}/var'
mandir='${datarootdir}/man'
mkdir_p='$(MKDIR_P)'
oldincludedir='/usr/include'
pdfdir='${docdir}'
prefix='/usr/local'
program_transform_name='s,x,x,'
psdir='${docdir}'
sbindir='${exec_prefix}/sbin'
sharedstatedir='${prefix}/com'
sysconfdir='${prefix}/etc'
target_alias=''

## ----------- ##
## confdefs.h. ##
## ----------- ##

/* confdefs.h */
#define PACKAGE_NAME "tftp_test"
#define PACKAGE_TARNAME "tftp_test"
#define PACKAGE_VERSION "1.1"
#define PACKAGE_STRING "tftp_test 1.1"
#define PACKAGE_BUGREPORT ""
#define PACKAGE_URL ""
#define PACKAGE "tftp_test"
#define VERSION "1.1"
#define STDC_HEADERS 1
#define HAVE_SYS_TYPES_H 1
#define HAVE_SYS_STAT_H 1
#define HAVE_STDLIB_H 1
#define HAVE_STRING_H 1
#define HAVE_MEMORY_H 1
#define HAVE_STRINGS_H 1
#define HAVE_INTTYPES_H 1
#define HAVE_STDINT_H 1
#define HAVE_UNISTD_H 1
#define HAVE_SOCKET 1
#define HAVE_INET_ADDR 1
#define HAVE_SYS_TYPES_H 1
#define HAVE_SIN_LEN 1

configure: exit 0
